<?xml version="1.0" encoding="UTF-8"?>
<coverage generated="1500041378796" clover="3.2.0">
  <project timestamp="1500041378796" name="All files">
    <metrics statements="126" coveredstatements="79" conditionals="10" coveredconditionals="3" methods="47" coveredmethods="28" elements="183" coveredelements="110" complexity="0" loc="126" ncloc="126" packages="4" files="5" classes="5">
      <package name="es">
        <metrics statements="18" coveredstatements="11" conditionals="0" coveredconditionals="0" methods="9" coveredmethods="5"/>
        <file name="utils.js" path="/Users/g6vc/WebstormProjects/nanoleaf-layout/es/utils.js">
          <metrics statements="18" coveredstatements="11" conditionals="0" coveredconditionals="0" methods="9" coveredmethods="5"/>
          <line num="5" count="1" type="stmt"/>
          <line num="12" count="0" type="stmt"/>
          <line num="24" count="4" type="stmt"/>
          <line num="25" count="4" type="stmt"/>
          <line num="27" count="4" type="stmt"/>
          <line num="36" count="1" type="stmt"/>
          <line num="48" count="0" type="stmt"/>
          <line num="50" count="0" type="stmt"/>
          <line num="62" count="0" type="stmt"/>
          <line num="64" count="0" type="stmt"/>
          <line num="76" count="0" type="stmt"/>
          <line num="78" count="0" type="stmt"/>
          <line num="90" count="1" type="stmt"/>
          <line num="92" count="1" type="stmt"/>
          <line num="104" count="1" type="stmt"/>
          <line num="106" count="1" type="stmt"/>
          <line num="118" count="1" type="stmt"/>
          <line num="120" count="1" type="stmt"/>
        </file>
      </package>
      <package name="es.api">
        <metrics statements="14" coveredstatements="9" conditionals="2" coveredconditionals="1" methods="1" coveredmethods="1"/>
        <file name="layout.js" path="/Users/g6vc/WebstormProjects/nanoleaf-layout/es/api/layout.js">
          <metrics statements="14" coveredstatements="9" conditionals="2" coveredconditionals="1" methods="1" coveredmethods="1"/>
          <line num="5" count="1" type="stmt"/>
          <line num="19" count="1" type="stmt"/>
          <line num="22" count="1" type="stmt"/>
          <line num="28" count="1" type="cond" truecount="1" falsecount="1"/>
          <line num="29" count="1" type="stmt"/>
          <line num="30" count="1" type="stmt"/>
          <line num="31" count="1" type="stmt"/>
          <line num="33" count="1" type="stmt"/>
          <line num="35" count="1" type="stmt"/>
          <line num="47" count="0" type="stmt"/>
          <line num="48" count="0" type="stmt"/>
          <line num="49" count="0" type="stmt"/>
          <line num="51" count="0" type="stmt"/>
          <line num="53" count="0" type="stmt"/>
        </file>
      </package>
      <package name="lib">
        <metrics statements="28" coveredstatements="28" conditionals="0" coveredconditionals="0" methods="9" coveredmethods="9"/>
        <file name="utils.js" path="/Users/g6vc/WebstormProjects/nanoleaf-layout/lib/utils.js">
          <metrics statements="28" coveredstatements="28" conditionals="0" coveredconditionals="0" methods="9" coveredmethods="9"/>
          <line num="3" count="1" type="stmt"/>
          <line num="4" count="1" type="stmt"/>
          <line num="5" count="1" type="stmt"/>
          <line num="6" count="1" type="stmt"/>
          <line num="7" count="1" type="stmt"/>
          <line num="8" count="1" type="stmt"/>
          <line num="9" count="1" type="stmt"/>
          <line num="10" count="1" type="stmt"/>
          <line num="11" count="1" type="stmt"/>
          <line num="12" count="1" type="stmt"/>
          <line num="17" count="1" type="stmt"/>
          <line num="24" count="1" type="stmt"/>
          <line num="36" count="14" type="stmt"/>
          <line num="37" count="14" type="stmt"/>
          <line num="39" count="14" type="stmt"/>
          <line num="48" count="1" type="stmt"/>
          <line num="60" count="2" type="stmt"/>
          <line num="62" count="2" type="stmt"/>
          <line num="74" count="2" type="stmt"/>
          <line num="76" count="2" type="stmt"/>
          <line num="88" count="2" type="stmt"/>
          <line num="90" count="2" type="stmt"/>
          <line num="102" count="2" type="stmt"/>
          <line num="104" count="2" type="stmt"/>
          <line num="116" count="2" type="stmt"/>
          <line num="118" count="2" type="stmt"/>
          <line num="130" count="2" type="stmt"/>
          <line num="132" count="2" type="stmt"/>
        </file>
      </package>
      <package name="src">
        <metrics statements="66" coveredstatements="31" conditionals="8" coveredconditionals="2" methods="28" coveredmethods="13"/>
        <file name="index.js" path="/Users/g6vc/WebstormProjects/nanoleaf-layout/src/index.js">
          <metrics statements="48" coveredstatements="14" conditionals="8" coveredconditionals="2" methods="19" coveredmethods="5"/>
          <line num="11" count="1" type="stmt"/>
          <line num="13" count="1" type="stmt"/>
          <line num="19" count="1" type="stmt"/>
          <line num="23" count="1" type="stmt"/>
          <line num="25" count="1" type="cond" truecount="1" falsecount="1"/>
          <line num="26" count="0" type="stmt"/>
          <line num="31" count="1" type="stmt"/>
          <line num="32" count="0" type="stmt"/>
          <line num="42" count="0" type="stmt"/>
          <line num="43" count="0" type="stmt"/>
          <line num="46" count="1" type="stmt"/>
          <line num="60" count="0" type="stmt"/>
          <line num="63" count="0" type="stmt"/>
          <line num="69" count="0" type="cond" truecount="0" falsecount="2"/>
          <line num="70" count="0" type="stmt"/>
          <line num="71" count="0" type="stmt"/>
          <line num="72" count="0" type="stmt"/>
          <line num="74" count="0" type="stmt"/>
          <line num="76" count="0" type="stmt"/>
          <line num="88" count="0" type="stmt"/>
          <line num="89" count="0" type="stmt"/>
          <line num="90" count="0" type="stmt"/>
          <line num="92" count="0" type="stmt"/>
          <line num="94" count="0" type="stmt"/>
          <line num="114" count="2" type="stmt"/>
          <line num="116" count="2" type="cond" truecount="1" falsecount="1"/>
          <line num="117" count="0" type="stmt"/>
          <line num="122" count="2" type="stmt"/>
          <line num="123" count="0" type="stmt"/>
          <line num="133" count="0" type="stmt"/>
          <line num="134" count="0" type="stmt"/>
          <line num="137" count="2" type="stmt"/>
          <line num="138" count="0" type="cond" truecount="0" falsecount="2"/>
          <line num="139" count="0" type="stmt"/>
          <line num="146" count="0" type="stmt"/>
          <line num="149" count="0" type="stmt"/>
          <line num="152" count="0" type="stmt"/>
          <line num="168" count="0" type="stmt"/>
          <line num="174" count="0" type="stmt"/>
          <line num="177" count="0" type="stmt"/>
          <line num="180" count="0" type="stmt"/>
          <line num="191" count="2" type="stmt"/>
          <line num="201" count="1" type="stmt"/>
          <line num="219" count="1" type="stmt"/>
          <line num="226" count="0" type="stmt"/>
          <line num="231" count="0" type="stmt"/>
          <line num="232" count="0" type="stmt"/>
          <line num="233" count="0" type="stmt"/>
        </file>
        <file name="utils.js" path="/Users/g6vc/WebstormProjects/nanoleaf-layout/src/utils.js">
          <metrics statements="18" coveredstatements="17" conditionals="0" coveredconditionals="0" methods="9" coveredmethods="8"/>
          <line num="5" count="2" type="stmt"/>
          <line num="12" count="0" type="stmt"/>
          <line num="24" count="14" type="stmt"/>
          <line num="25" count="14" type="stmt"/>
          <line num="27" count="14" type="stmt"/>
          <line num="36" count="2" type="stmt"/>
          <line num="48" count="2" type="stmt"/>
          <line num="50" count="2" type="stmt"/>
          <line num="65" count="2" type="stmt"/>
          <line num="67" count="2" type="stmt"/>
          <line num="82" count="2" type="stmt"/>
          <line num="84" count="2" type="stmt"/>
          <line num="99" count="2" type="stmt"/>
          <line num="101" count="2" type="stmt"/>
          <line num="116" count="2" type="stmt"/>
          <line num="118" count="2" type="stmt"/>
          <line num="133" count="2" type="stmt"/>
          <line num="135" count="2" type="stmt"/>
        </file>
      </package>
    </metrics>
  </project>
</coverage>
