{"/Users/g6vc/WebstormProjects/nanoleaf-layout/es/utils.js": {"path":"/Users/g6vc/WebstormProjects/nanoleaf-layout/es/utils.js","statementMap":{"0":{"start":{"line":5,"column":22},"end":{"line":5,"column":44}},"1":{"start":{"line":12,"column":2},"end":{"line":12,"column":25}},"2":{"start":{"line":24,"column":16},"end":{"line":24,"column":30}},"3":{"start":{"line":25,"column":16},"end":{"line":25,"column":31}},"4":{"start":{"line":27,"column":2},"end":{"line":27,"column":28}},"5":{"start":{"line":36,"column":2},"end":{"line":36,"column":33}},"6":{"start":{"line":48,"column":15},"end":{"line":48,"column":55}},"7":{"start":{"line":50,"column":2},"end":{"line":50,"column":92}},"8":{"start":{"line":62,"column":15},"end":{"line":62,"column":55}},"9":{"start":{"line":64,"column":2},"end":{"line":64,"column":112}},"10":{"start":{"line":76,"column":15},"end":{"line":76,"column":55}},"11":{"start":{"line":78,"column":2},"end":{"line":78,"column":112}},"12":{"start":{"line":90,"column":15},"end":{"line":90,"column":55}},"13":{"start":{"line":92,"column":2},"end":{"line":92,"column":117}},"14":{"start":{"line":104,"column":15},"end":{"line":104,"column":55}},"15":{"start":{"line":106,"column":2},"end":{"line":106,"column":117}},"16":{"start":{"line":118,"column":15},"end":{"line":118,"column":55}},"17":{"start":{"line":120,"column":2},"end":{"line":120,"column":97}}},"fnMap":{"0":{"name":"getCentroidHeight","decl":{"start":{"line":11,"column":16},"end":{"line":11,"column":33}},"loc":{"start":{"line":11,"column":36},"end":{"line":13,"column":1}},"line":11},"1":{"name":"cartesianToScreen","decl":{"start":{"line":23,"column":16},"end":{"line":23,"column":33}},"loc":{"start":{"line":23,"column":57},"end":{"line":28,"column":1}},"line":23},"2":{"name":"doRotate","decl":{"start":{"line":35,"column":16},"end":{"line":35,"column":24}},"loc":{"start":{"line":35,"column":35},"end":{"line":37,"column":1}},"line":35},"3":{"name":"getTopFromCentroid","decl":{"start":{"line":47,"column":16},"end":{"line":47,"column":34}},"loc":{"start":{"line":47,"column":58},"end":{"line":51,"column":1}},"line":47},"4":{"name":"getLeftFromCentroid","decl":{"start":{"line":61,"column":16},"end":{"line":61,"column":35}},"loc":{"start":{"line":61,"column":59},"end":{"line":65,"column":1}},"line":61},"5":{"name":"getRightFromCentroid","decl":{"start":{"line":75,"column":16},"end":{"line":75,"column":36}},"loc":{"start":{"line":75,"column":60},"end":{"line":79,"column":1}},"line":75},"6":{"name":"rotateLeftFromCentroid","decl":{"start":{"line":89,"column":16},"end":{"line":89,"column":38}},"loc":{"start":{"line":89,"column":62},"end":{"line":93,"column":1}},"line":89},"7":{"name":"rotateRightFromCentroid","decl":{"start":{"line":103,"column":16},"end":{"line":103,"column":39}},"loc":{"start":{"line":103,"column":63},"end":{"line":107,"column":1}},"line":103},"8":{"name":"rotateTopFromCentroid","decl":{"start":{"line":117,"column":16},"end":{"line":117,"column":37}},"loc":{"start":{"line":117,"column":61},"end":{"line":121,"column":1}},"line":117}},"branchMap":{},"s":{"0":1,"1":0,"2":4,"3":4,"4":4,"5":1,"6":0,"7":0,"8":0,"9":0,"10":0,"11":0,"12":1,"13":1,"14":1,"15":1,"16":1,"17":1},"f":{"0":0,"1":4,"2":1,"3":0,"4":0,"5":0,"6":1,"7":1,"8":1},"b":{},"_coverageSchema":"332fd63041d2c1bcb487cc26dd0d5f7d97098a6c","hash":"3030ded9b7eb45085557fbe63f74e0729c828e5e"}
,"/Users/g6vc/WebstormProjects/nanoleaf-layout/es/api/layout.js": {"path":"/Users/g6vc/WebstormProjects/nanoleaf-layout/es/api/layout.js","statementMap":{"0":{"start":{"line":5,"column":12},"end":{"line":5,"column":31}},"1":{"start":{"line":20,"column":17},"end":{"line":20,"column":61}},"2":{"start":{"line":23,"column":16},"end":{"line":27,"column":3}},"3":{"start":{"line":29,"column":2},"end":{"line":67,"column":3}},"4":{"start":{"line":30,"column":26},"end":{"line":30,"column":74}},"5":{"start":{"line":31,"column":27},"end":{"line":31,"column":76}},"6":{"start":{"line":32,"column":28},"end":{"line":32,"column":78}},"7":{"start":{"line":34,"column":15},"end":{"line":34,"column":244}},"8":{"start":{"line":36,"column":4},"end":{"line":47,"column":6}},"9":{"start":{"line":49,"column":19},"end":{"line":49,"column":64}},"10":{"start":{"line":50,"column":20},"end":{"line":50,"column":66}},"11":{"start":{"line":51,"column":21},"end":{"line":51,"column":68}},"12":{"start":{"line":53,"column":16},"end":{"line":53,"column":189}},"13":{"start":{"line":55,"column":4},"end":{"line":66,"column":6}}},"fnMap":{"0":{"name":"draw","decl":{"start":{"line":19,"column":16},"end":{"line":19,"column":20}},"loc":{"start":{"line":19,"column":69},"end":{"line":68,"column":1}},"line":19}},"branchMap":{"0":{"loc":{"start":{"line":29,"column":2},"end":{"line":67,"column":3}},"type":"if","locations":[{"start":{"line":29,"column":2},"end":{"line":67,"column":3}},{"start":{"line":29,"column":2},"end":{"line":67,"column":3}}],"line":29}},"s":{"0":1,"1":1,"2":1,"3":1,"4":1,"5":1,"6":1,"7":1,"8":1,"9":0,"10":0,"11":0,"12":0,"13":0},"f":{"0":1},"b":{"0":[1,0]},"_coverageSchema":"332fd63041d2c1bcb487cc26dd0d5f7d97098a6c","hash":"001dca63d3e1a3cbcc5ebc7390588f7268cf2ff5"}
,"/Users/g6vc/WebstormProjects/nanoleaf-layout/lib/utils.js": {"path":"/Users/g6vc/WebstormProjects/nanoleaf-layout/lib/utils.js","statementMap":{"0":{"start":{"line":3,"column":0},"end":{"line":3,"column":26}},"1":{"start":{"line":4,"column":0},"end":{"line":4,"column":46}},"2":{"start":{"line":5,"column":0},"end":{"line":5,"column":46}},"3":{"start":{"line":6,"column":0},"end":{"line":6,"column":28}},"4":{"start":{"line":7,"column":0},"end":{"line":7,"column":48}},"5":{"start":{"line":8,"column":0},"end":{"line":8,"column":50}},"6":{"start":{"line":9,"column":0},"end":{"line":9,"column":52}},"7":{"start":{"line":10,"column":0},"end":{"line":10,"column":56}},"8":{"start":{"line":11,"column":0},"end":{"line":11,"column":58}},"9":{"start":{"line":12,"column":0},"end":{"line":12,"column":54}},"10":{"start":{"line":17,"column":22},"end":{"line":17,"column":44}},"11":{"start":{"line":24,"column":2},"end":{"line":24,"column":25}},"12":{"start":{"line":36,"column":16},"end":{"line":36,"column":30}},"13":{"start":{"line":37,"column":16},"end":{"line":37,"column":31}},"14":{"start":{"line":39,"column":2},"end":{"line":39,"column":28}},"15":{"start":{"line":48,"column":2},"end":{"line":48,"column":33}},"16":{"start":{"line":60,"column":15},"end":{"line":60,"column":55}},"17":{"start":{"line":62,"column":2},"end":{"line":62,"column":92}},"18":{"start":{"line":74,"column":15},"end":{"line":74,"column":55}},"19":{"start":{"line":76,"column":2},"end":{"line":76,"column":112}},"20":{"start":{"line":88,"column":15},"end":{"line":88,"column":55}},"21":{"start":{"line":90,"column":2},"end":{"line":90,"column":112}},"22":{"start":{"line":102,"column":15},"end":{"line":102,"column":55}},"23":{"start":{"line":104,"column":2},"end":{"line":104,"column":117}},"24":{"start":{"line":116,"column":15},"end":{"line":116,"column":55}},"25":{"start":{"line":118,"column":2},"end":{"line":118,"column":117}},"26":{"start":{"line":130,"column":15},"end":{"line":130,"column":55}},"27":{"start":{"line":132,"column":2},"end":{"line":132,"column":97}}},"fnMap":{"0":{"name":"getCentroidHeight","decl":{"start":{"line":23,"column":9},"end":{"line":23,"column":26}},"loc":{"start":{"line":23,"column":29},"end":{"line":25,"column":1}},"line":23},"1":{"name":"cartesianToScreen","decl":{"start":{"line":35,"column":9},"end":{"line":35,"column":26}},"loc":{"start":{"line":35,"column":50},"end":{"line":40,"column":1}},"line":35},"2":{"name":"doRotate","decl":{"start":{"line":47,"column":9},"end":{"line":47,"column":17}},"loc":{"start":{"line":47,"column":28},"end":{"line":49,"column":1}},"line":47},"3":{"name":"getTopFromCentroid","decl":{"start":{"line":59,"column":9},"end":{"line":59,"column":27}},"loc":{"start":{"line":59,"column":51},"end":{"line":63,"column":1}},"line":59},"4":{"name":"getLeftFromCentroid","decl":{"start":{"line":73,"column":9},"end":{"line":73,"column":28}},"loc":{"start":{"line":73,"column":52},"end":{"line":77,"column":1}},"line":73},"5":{"name":"getRightFromCentroid","decl":{"start":{"line":87,"column":9},"end":{"line":87,"column":29}},"loc":{"start":{"line":87,"column":53},"end":{"line":91,"column":1}},"line":87},"6":{"name":"rotateLeftFromCentroid","decl":{"start":{"line":101,"column":9},"end":{"line":101,"column":31}},"loc":{"start":{"line":101,"column":55},"end":{"line":105,"column":1}},"line":101},"7":{"name":"rotateRightFromCentroid","decl":{"start":{"line":115,"column":9},"end":{"line":115,"column":32}},"loc":{"start":{"line":115,"column":56},"end":{"line":119,"column":1}},"line":115},"8":{"name":"rotateTopFromCentroid","decl":{"start":{"line":129,"column":9},"end":{"line":129,"column":30}},"loc":{"start":{"line":129,"column":54},"end":{"line":133,"column":1}},"line":129}},"branchMap":{},"s":{"0":1,"1":1,"2":1,"3":1,"4":1,"5":1,"6":1,"7":1,"8":1,"9":1,"10":1,"11":1,"12":14,"13":14,"14":14,"15":1,"16":2,"17":2,"18":2,"19":2,"20":2,"21":2,"22":2,"23":2,"24":2,"25":2,"26":2,"27":2},"f":{"0":1,"1":14,"2":1,"3":2,"4":2,"5":2,"6":2,"7":2,"8":2},"b":{},"_coverageSchema":"332fd63041d2c1bcb487cc26dd0d5f7d97098a6c","hash":"77756561f55e70f0c5f91ae1ffade05dd681f164"}
,"/Users/g6vc/WebstormProjects/nanoleaf-layout/src/index.js": {"path":"/Users/g6vc/WebstormProjects/nanoleaf-layout/src/index.js","statementMap":{"0":{"start":{"line":11,"column":8},"end":{"line":11,"column":21}},"1":{"start":{"line":13,"column":8},"end":{"line":15,"column":10}},"2":{"start":{"line":19,"column":8},"end":{"line":19,"column":20}},"3":{"start":{"line":23,"column":19},"end":{"line":23,"column":21}},"4":{"start":{"line":25,"column":8},"end":{"line":29,"column":9}},"5":{"start":{"line":26,"column":12},"end":{"line":28,"column":14}},"6":{"start":{"line":31,"column":8},"end":{"line":45,"column":11}},"7":{"start":{"line":32,"column":23},"end":{"line":41,"column":13}},"8":{"start":{"line":43,"column":12},"end":{"line":43,"column":36}},"9":{"start":{"line":44,"column":12},"end":{"line":44,"column":28}},"10":{"start":{"line":47,"column":8},"end":{"line":47,"column":41}},"11":{"start":{"line":62,"column":23},"end":{"line":62,"column":67}},"12":{"start":{"line":65,"column":22},"end":{"line":69,"column":9}},"13":{"start":{"line":71,"column":8},"end":{"line":109,"column":9}},"14":{"start":{"line":72,"column":34},"end":{"line":72,"column":82}},"15":{"start":{"line":73,"column":35},"end":{"line":73,"column":84}},"16":{"start":{"line":74,"column":36},"end":{"line":74,"column":86}},"17":{"start":{"line":76,"column":23},"end":{"line":76,"column":212}},"18":{"start":{"line":78,"column":12},"end":{"line":89,"column":14}},"19":{"start":{"line":91,"column":27},"end":{"line":91,"column":72}},"20":{"start":{"line":92,"column":28},"end":{"line":92,"column":74}},"21":{"start":{"line":93,"column":29},"end":{"line":93,"column":76}},"22":{"start":{"line":95,"column":23},"end":{"line":95,"column":156}},"23":{"start":{"line":97,"column":12},"end":{"line":108,"column":14}},"24":{"start":{"line":118,"column":19},"end":{"line":118,"column":21}},"25":{"start":{"line":120,"column":8},"end":{"line":124,"column":9}},"26":{"start":{"line":121,"column":12},"end":{"line":123,"column":14}},"27":{"start":{"line":126,"column":8},"end":{"line":140,"column":11}},"28":{"start":{"line":127,"column":23},"end":{"line":136,"column":13}},"29":{"start":{"line":138,"column":12},"end":{"line":138,"column":36}},"30":{"start":{"line":139,"column":12},"end":{"line":139,"column":28}},"31":{"start":{"line":142,"column":8},"end":{"line":193,"column":10}},"32":{"start":{"line":143,"column":12},"end":{"line":143,"column":31}},"33":{"start":{"line":144,"column":12},"end":{"line":192,"column":13}},"34":{"start":{"line":145,"column":16},"end":{"line":172,"column":18}},"35":{"start":{"line":152,"column":32},"end":{"line":152,"column":58}},"36":{"start":{"line":155,"column":32},"end":{"line":155,"column":57}},"37":{"start":{"line":158,"column":32},"end":{"line":158,"column":58}},"38":{"start":{"line":174,"column":16},"end":{"line":191,"column":17}},"39":{"start":{"line":180,"column":28},"end":{"line":180,"column":54}},"40":{"start":{"line":183,"column":28},"end":{"line":183,"column":53}},"41":{"start":{"line":186,"column":28},"end":{"line":186,"column":54}},"42":{"start":{"line":197,"column":8},"end":{"line":203,"column":10}},"43":{"start":{"line":207,"column":0},"end":{"line":222,"column":2}},"44":{"start":{"line":224,"column":0},"end":{"line":238,"column":2}},"45":{"start":{"line":230,"column":20},"end":{"line":230,"column":24}},"46":{"start":{"line":235,"column":21},"end":{"line":235,"column":25}},"47":{"start":{"line":236,"column":21},"end":{"line":236,"column":25}},"48":{"start":{"line":237,"column":20},"end":{"line":237,"column":24}}},"fnMap":{"0":{"name":"(anonymous_0)","decl":{"start":{"line":10,"column":4},"end":{"line":10,"column":5}},"loc":{"start":{"line":10,"column":23},"end":{"line":16,"column":5}},"line":10},"1":{"name":"(anonymous_1)","decl":{"start":{"line":18,"column":4},"end":{"line":18,"column":5}},"loc":{"start":{"line":18,"column":24},"end":{"line":20,"column":5}},"line":18},"2":{"name":"(anonymous_2)","decl":{"start":{"line":22,"column":4},"end":{"line":22,"column":5}},"loc":{"start":{"line":22,"column":11},"end":{"line":48,"column":5}},"line":22},"3":{"name":"(anonymous_3)","decl":{"start":{"line":31,"column":41},"end":{"line":31,"column":42}},"loc":{"start":{"line":31,"column":50},"end":{"line":45,"column":9}},"line":31},"4":{"name":"(anonymous_4)","decl":{"start":{"line":61,"column":4},"end":{"line":61,"column":5}},"loc":{"start":{"line":61,"column":62},"end":{"line":110,"column":5}},"line":61},"5":{"name":"(anonymous_5)","decl":{"start":{"line":116,"column":4},"end":{"line":116,"column":5}},"loc":{"start":{"line":116,"column":13},"end":{"line":194,"column":5}},"line":116},"6":{"name":"(anonymous_6)","decl":{"start":{"line":126,"column":41},"end":{"line":126,"column":42}},"loc":{"start":{"line":126,"column":50},"end":{"line":140,"column":9}},"line":126},"7":{"name":"(anonymous_7)","decl":{"start":{"line":142,"column":24},"end":{"line":142,"column":25}},"loc":{"start":{"line":142,"column":40},"end":{"line":193,"column":9}},"line":142},"8":{"name":"(anonymous_8)","decl":{"start":{"line":151,"column":41},"end":{"line":151,"column":42}},"loc":{"start":{"line":151,"column":46},"end":{"line":153,"column":29}},"line":151},"9":{"name":"(anonymous_9)","decl":{"start":{"line":154,"column":40},"end":{"line":154,"column":41}},"loc":{"start":{"line":154,"column":45},"end":{"line":156,"column":29}},"line":154},"10":{"name":"(anonymous_10)","decl":{"start":{"line":157,"column":41},"end":{"line":157,"column":42}},"loc":{"start":{"line":157,"column":46},"end":{"line":159,"column":29}},"line":157},"11":{"name":"(anonymous_11)","decl":{"start":{"line":179,"column":37},"end":{"line":179,"column":38}},"loc":{"start":{"line":179,"column":42},"end":{"line":181,"column":25}},"line":179},"12":{"name":"(anonymous_12)","decl":{"start":{"line":182,"column":36},"end":{"line":182,"column":37}},"loc":{"start":{"line":182,"column":41},"end":{"line":184,"column":25}},"line":182},"13":{"name":"(anonymous_13)","decl":{"start":{"line":185,"column":37},"end":{"line":185,"column":38}},"loc":{"start":{"line":185,"column":42},"end":{"line":187,"column":25}},"line":185},"14":{"name":"(anonymous_14)","decl":{"start":{"line":196,"column":4},"end":{"line":196,"column":5}},"loc":{"start":{"line":196,"column":13},"end":{"line":204,"column":5}},"line":196},"15":{"name":"(anonymous_15)","decl":{"start":{"line":230,"column":12},"end":{"line":230,"column":13}},"loc":{"start":{"line":230,"column":20},"end":{"line":230,"column":24}},"line":230},"16":{"name":"(anonymous_16)","decl":{"start":{"line":235,"column":13},"end":{"line":235,"column":14}},"loc":{"start":{"line":235,"column":21},"end":{"line":235,"column":25}},"line":235},"17":{"name":"(anonymous_17)","decl":{"start":{"line":236,"column":13},"end":{"line":236,"column":14}},"loc":{"start":{"line":236,"column":21},"end":{"line":236,"column":25}},"line":236},"18":{"name":"(anonymous_18)","decl":{"start":{"line":237,"column":12},"end":{"line":237,"column":13}},"loc":{"start":{"line":237,"column":20},"end":{"line":237,"column":24}},"line":237}},"branchMap":{"0":{"loc":{"start":{"line":25,"column":8},"end":{"line":29,"column":9}},"type":"if","locations":[{"start":{"line":25,"column":8},"end":{"line":29,"column":9}},{"start":{"line":25,"column":8},"end":{"line":29,"column":9}}],"line":25},"1":{"loc":{"start":{"line":71,"column":8},"end":{"line":109,"column":9}},"type":"if","locations":[{"start":{"line":71,"column":8},"end":{"line":109,"column":9}},{"start":{"line":71,"column":8},"end":{"line":109,"column":9}}],"line":71},"2":{"loc":{"start":{"line":120,"column":8},"end":{"line":124,"column":9}},"type":"if","locations":[{"start":{"line":120,"column":8},"end":{"line":124,"column":9}},{"start":{"line":120,"column":8},"end":{"line":124,"column":9}}],"line":120},"3":{"loc":{"start":{"line":144,"column":12},"end":{"line":192,"column":13}},"type":"if","locations":[{"start":{"line":144,"column":12},"end":{"line":192,"column":13}},{"start":{"line":144,"column":12},"end":{"line":192,"column":13}}],"line":144}},"s":{"0":1,"1":1,"2":1,"3":1,"4":1,"5":0,"6":1,"7":0,"8":0,"9":0,"10":1,"11":0,"12":0,"13":0,"14":0,"15":0,"16":0,"17":0,"18":0,"19":0,"20":0,"21":0,"22":0,"23":0,"24":2,"25":2,"26":0,"27":2,"28":0,"29":0,"30":0,"31":2,"32":0,"33":0,"34":0,"35":0,"36":0,"37":0,"38":0,"39":0,"40":0,"41":0,"42":2,"43":1,"44":1,"45":0,"46":0,"47":0,"48":0},"f":{"0":1,"1":1,"2":1,"3":0,"4":0,"5":2,"6":0,"7":0,"8":0,"9":0,"10":0,"11":0,"12":0,"13":0,"14":2,"15":0,"16":0,"17":0,"18":0},"b":{"0":[0,1],"1":[0,0],"2":[0,2],"3":[0,0]},"_coverageSchema":"332fd63041d2c1bcb487cc26dd0d5f7d97098a6c","hash":"11d8af8158be6f315b61d3ab9cd78b0b9dc62bdb"}
,"/Users/g6vc/WebstormProjects/nanoleaf-layout/src/utils.js": {"path":"/Users/g6vc/WebstormProjects/nanoleaf-layout/src/utils.js","statementMap":{"0":{"start":{"line":5,"column":24},"end":{"line":5,"column":46}},"1":{"start":{"line":12,"column":2},"end":{"line":12,"column":25}},"2":{"start":{"line":24,"column":16},"end":{"line":24,"column":30}},"3":{"start":{"line":25,"column":16},"end":{"line":25,"column":31}},"4":{"start":{"line":27,"column":2},"end":{"line":27,"column":28}},"5":{"start":{"line":36,"column":2},"end":{"line":36,"column":33}},"6":{"start":{"line":48,"column":15},"end":{"line":48,"column":55}},"7":{"start":{"line":50,"column":2},"end":{"line":53,"column":4}},"8":{"start":{"line":65,"column":15},"end":{"line":65,"column":55}},"9":{"start":{"line":67,"column":2},"end":{"line":70,"column":4}},"10":{"start":{"line":82,"column":15},"end":{"line":82,"column":55}},"11":{"start":{"line":84,"column":2},"end":{"line":87,"column":4}},"12":{"start":{"line":99,"column":15},"end":{"line":99,"column":55}},"13":{"start":{"line":101,"column":2},"end":{"line":104,"column":4}},"14":{"start":{"line":116,"column":15},"end":{"line":116,"column":55}},"15":{"start":{"line":118,"column":2},"end":{"line":121,"column":4}},"16":{"start":{"line":133,"column":15},"end":{"line":133,"column":55}},"17":{"start":{"line":135,"column":2},"end":{"line":138,"column":4}}},"fnMap":{"0":{"name":"getCentroidHeight","decl":{"start":{"line":11,"column":16},"end":{"line":11,"column":33}},"loc":{"start":{"line":11,"column":36},"end":{"line":13,"column":1}},"line":11},"1":{"name":"cartesianToScreen","decl":{"start":{"line":23,"column":16},"end":{"line":23,"column":33}},"loc":{"start":{"line":23,"column":57},"end":{"line":28,"column":1}},"line":23},"2":{"name":"doRotate","decl":{"start":{"line":35,"column":16},"end":{"line":35,"column":24}},"loc":{"start":{"line":35,"column":35},"end":{"line":37,"column":1}},"line":35},"3":{"name":"getTopFromCentroid","decl":{"start":{"line":47,"column":16},"end":{"line":47,"column":34}},"loc":{"start":{"line":47,"column":58},"end":{"line":54,"column":1}},"line":47},"4":{"name":"getLeftFromCentroid","decl":{"start":{"line":64,"column":16},"end":{"line":64,"column":35}},"loc":{"start":{"line":64,"column":59},"end":{"line":71,"column":1}},"line":64},"5":{"name":"getRightFromCentroid","decl":{"start":{"line":81,"column":16},"end":{"line":81,"column":36}},"loc":{"start":{"line":81,"column":60},"end":{"line":88,"column":1}},"line":81},"6":{"name":"rotateLeftFromCentroid","decl":{"start":{"line":98,"column":16},"end":{"line":98,"column":38}},"loc":{"start":{"line":98,"column":62},"end":{"line":105,"column":1}},"line":98},"7":{"name":"rotateRightFromCentroid","decl":{"start":{"line":115,"column":16},"end":{"line":115,"column":39}},"loc":{"start":{"line":115,"column":63},"end":{"line":122,"column":1}},"line":115},"8":{"name":"rotateTopFromCentroid","decl":{"start":{"line":132,"column":16},"end":{"line":132,"column":37}},"loc":{"start":{"line":132,"column":61},"end":{"line":139,"column":1}},"line":132}},"branchMap":{},"s":{"0":2,"1":0,"2":14,"3":14,"4":14,"5":2,"6":2,"7":2,"8":2,"9":2,"10":2,"11":2,"12":2,"13":2,"14":2,"15":2,"16":2,"17":2},"f":{"0":0,"1":14,"2":2,"3":2,"4":2,"5":2,"6":2,"7":2,"8":2},"b":{},"_coverageSchema":"332fd63041d2c1bcb487cc26dd0d5f7d97098a6c","hash":"46677b6762c36adcc1ba4afb837b9aa22f212078"}
}
