TN:
SF:/Users/g6vc/WebstormProjects/nanoleaf-layout/es/utils.js
FN:11,getCentroidHeight
FN:23,cartesianToScreen
FN:35,doRotate
FN:47,getTopFromCentroid
FN:61,getLeftFromCentroid
FN:75,getRightFromCentroid
FN:89,rotateLeftFromCentroid
FN:103,rotateRightFromCentroid
FN:117,rotateTopFromCentroid
FNF:9
FNH:5
FNDA:0,getCentroidHeight
FNDA:4,cartesianToScreen
FNDA:1,doRotate
FNDA:0,getTopFromCentroid
FNDA:0,getLeftFromCentroid
FNDA:0,getRightFromCentroid
FNDA:1,rotateLeftFromCentroid
FNDA:1,rotateRightFromCentroid
FNDA:1,rotateTopFromCentroid
DA:5,1
DA:12,0
DA:24,4
DA:25,4
DA:27,4
DA:36,1
DA:48,0
DA:50,0
DA:62,0
DA:64,0
DA:76,0
DA:78,0
DA:90,1
DA:92,1
DA:104,1
DA:106,1
DA:118,1
DA:120,1
LF:18
LH:11
BRF:0
BRH:0
end_of_record
TN:
SF:/Users/g6vc/WebstormProjects/nanoleaf-layout/es/api/layout.js
FN:18,draw
FNF:1
FNH:1
FNDA:1,draw
DA:5,1
DA:19,1
DA:22,1
DA:28,1
DA:29,1
DA:30,1
DA:31,1
DA:33,1
DA:35,1
DA:47,0
DA:48,0
DA:49,0
DA:51,0
DA:53,0
LF:14
LH:9
BRDA:28,0,0,1
BRDA:28,0,1,0
BRF:2
BRH:1
end_of_record
TN:
SF:/Users/g6vc/WebstormProjects/nanoleaf-layout/lib/utils.js
FN:23,getCentroidHeight
FN:35,cartesianToScreen
FN:47,doRotate
FN:59,getTopFromCentroid
FN:73,getLeftFromCentroid
FN:87,getRightFromCentroid
FN:101,rotateLeftFromCentroid
FN:115,rotateRightFromCentroid
FN:129,rotateTopFromCentroid
FNF:9
FNH:9
FNDA:1,getCentroidHeight
FNDA:14,cartesianToScreen
FNDA:1,doRotate
FNDA:2,getTopFromCentroid
FNDA:2,getLeftFromCentroid
FNDA:2,getRightFromCentroid
FNDA:2,rotateLeftFromCentroid
FNDA:2,rotateRightFromCentroid
FNDA:2,rotateTopFromCentroid
DA:3,1
DA:4,1
DA:5,1
DA:6,1
DA:7,1
DA:8,1
DA:9,1
DA:10,1
DA:11,1
DA:12,1
DA:17,1
DA:24,1
DA:36,14
DA:37,14
DA:39,14
DA:48,1
DA:60,2
DA:62,2
DA:74,2
DA:76,2
DA:88,2
DA:90,2
DA:102,2
DA:104,2
DA:116,2
DA:118,2
DA:130,2
DA:132,2
LF:28
LH:28
BRF:0
BRH:0
end_of_record
TN:
SF:/Users/g6vc/WebstormProjects/nanoleaf-layout/src/index.js
FN:10,(anonymous_0)
FN:18,(anonymous_1)
FN:22,(anonymous_2)
FN:31,(anonymous_3)
FN:59,(anonymous_4)
FN:112,(anonymous_5)
FN:122,(anonymous_6)
FN:137,(anonymous_7)
FN:145,(anonymous_8)
FN:148,(anonymous_9)
FN:151,(anonymous_10)
FN:173,(anonymous_11)
FN:176,(anonymous_12)
FN:179,(anonymous_13)
FN:190,(anonymous_14)
FN:226,(anonymous_15)
FN:231,(anonymous_16)
FN:232,(anonymous_17)
FN:233,(anonymous_18)
FNF:19
FNH:5
FNDA:1,(anonymous_0)
FNDA:1,(anonymous_1)
FNDA:1,(anonymous_2)
FNDA:0,(anonymous_3)
FNDA:0,(anonymous_4)
FNDA:2,(anonymous_5)
FNDA:0,(anonymous_6)
FNDA:0,(anonymous_7)
FNDA:0,(anonymous_8)
FNDA:0,(anonymous_9)
FNDA:0,(anonymous_10)
FNDA:0,(anonymous_11)
FNDA:0,(anonymous_12)
FNDA:0,(anonymous_13)
FNDA:2,(anonymous_14)
FNDA:0,(anonymous_15)
FNDA:0,(anonymous_16)
FNDA:0,(anonymous_17)
FNDA:0,(anonymous_18)
DA:11,1
DA:13,1
DA:19,1
DA:23,1
DA:25,1
DA:26,0
DA:31,1
DA:32,0
DA:42,0
DA:43,0
DA:46,1
DA:60,0
DA:63,0
DA:69,0
DA:70,0
DA:71,0
DA:72,0
DA:74,0
DA:76,0
DA:88,0
DA:89,0
DA:90,0
DA:92,0
DA:94,0
DA:114,2
DA:116,2
DA:117,0
DA:122,2
DA:123,0
DA:133,0
DA:134,0
DA:137,2
DA:138,0
DA:139,0
DA:146,0
DA:149,0
DA:152,0
DA:168,0
DA:174,0
DA:177,0
DA:180,0
DA:191,2
DA:201,1
DA:219,1
DA:226,0
DA:231,0
DA:232,0
DA:233,0
LF:48
LH:14
BRDA:25,0,0,0
BRDA:25,0,1,1
BRDA:69,1,0,0
BRDA:69,1,1,0
BRDA:116,2,0,0
BRDA:116,2,1,2
BRDA:138,3,0,0
BRDA:138,3,1,0
BRF:8
BRH:2
end_of_record
TN:
SF:/Users/g6vc/WebstormProjects/nanoleaf-layout/src/utils.js
FN:11,getCentroidHeight
FN:23,cartesianToScreen
FN:35,doRotate
FN:47,getTopFromCentroid
FN:64,getLeftFromCentroid
FN:81,getRightFromCentroid
FN:98,rotateLeftFromCentroid
FN:115,rotateRightFromCentroid
FN:132,rotateTopFromCentroid
FNF:9
FNH:0
FNDA:0,getCentroidHeight
FNDA:0,cartesianToScreen
FNDA:0,doRotate
FNDA:0,getTopFromCentroid
FNDA:0,getLeftFromCentroid
FNDA:0,getRightFromCentroid
FNDA:0,rotateLeftFromCentroid
FNDA:0,rotateRightFromCentroid
FNDA:0,rotateTopFromCentroid
DA:5,1
DA:12,0
DA:24,0
DA:25,0
DA:27,0
DA:36,0
DA:48,0
DA:50,0
DA:65,0
DA:67,0
DA:82,0
DA:84,0
DA:99,0
DA:101,0
DA:116,0
DA:118,0
DA:133,0
DA:135,0
LF:18
LH:1
BRF:0
BRH:0
end_of_record
