TN:
SF:/Users/g6vc/WebstormProjects/nanoleaf-layout/es/api/layout.js
FN:25,draw
FNF:1
FNH:1
FNDA:1,draw
DA:3,1
DA:6,1
DA:11,1
DA:26,1
DA:29,1
DA:30,1
DA:33,1
DA:34,0
DA:35,0
DA:38,1
DA:40,0
DA:41,0
DA:45,1
DA:51,1
DA:52,1
DA:53,1
DA:54,1
DA:56,1
DA:58,1
DA:71,0
DA:72,0
DA:73,0
DA:75,0
DA:77,0
LF:24
LH:15
BRDA:33,0,0,0
BRDA:33,0,1,1
BRDA:33,1,0,1
BRDA:33,1,1,0
BRDA:38,2,0,0
BRDA:38,2,1,1
BRDA:38,3,0,1
BRDA:38,3,1,0
BRDA:51,4,0,1
BRDA:51,4,1,0
BRF:10
BRH:5
end_of_record
TN:
SF:/Users/g6vc/WebstormProjects/nanoleaf-layout/lib/utils.js
FN:25,getCentroidHeight
FN:37,cartesianToScreen
FN:49,doRotate
FN:61,getTopFromCentroid
FN:75,getLeftFromCentroid
FN:89,getRightFromCentroid
FN:103,rotateLeftFromCentroid
FN:117,rotateRightFromCentroid
FN:131,rotateTopFromCentroid
FNF:9
FNH:9
FNDA:1,getCentroidHeight
FNDA:18,cartesianToScreen
FNDA:2,doRotate
FNDA:2,getTopFromCentroid
FNDA:2,getLeftFromCentroid
FNDA:2,getRightFromCentroid
FNDA:3,rotateLeftFromCentroid
FNDA:3,rotateRightFromCentroid
FNDA:3,rotateTopFromCentroid
DA:3,2
DA:6,2
DA:7,2
DA:8,2
DA:9,2
DA:10,2
DA:11,2
DA:12,2
DA:13,2
DA:14,2
DA:19,2
DA:26,1
DA:38,18
DA:39,18
DA:41,18
DA:50,2
DA:62,2
DA:64,2
DA:76,2
DA:78,2
DA:90,2
DA:92,2
DA:104,3
DA:106,3
DA:118,3
DA:120,3
DA:132,3
DA:134,3
LF:28
LH:28
BRF:0
BRH:0
end_of_record
TN:
SF:/Users/g6vc/WebstormProjects/nanoleaf-layout/src/index.js
FN:10,(anonymous_0)
FN:18,(anonymous_1)
FN:22,(anonymous_2)
FN:31,(anonymous_3)
FN:61,(anonymous_4)
FN:134,(anonymous_5)
FN:144,(anonymous_6)
FN:160,(anonymous_7)
FN:168,(anonymous_8)
FN:171,(anonymous_9)
FN:174,(anonymous_10)
FN:185,(anonymous_11)
FN:199,(anonymous_12)
FN:202,(anonymous_13)
FN:205,(anonymous_14)
FN:216,(anonymous_15)
FN:251,(anonymous_16)
FN:257,(anonymous_17)
FN:258,(anonymous_18)
FN:259,(anonymous_19)
FNF:20
FNH:5
FNDA:1,(anonymous_0)
FNDA:1,(anonymous_1)
FNDA:1,(anonymous_2)
FNDA:0,(anonymous_3)
FNDA:0,(anonymous_4)
FNDA:2,(anonymous_5)
FNDA:0,(anonymous_6)
FNDA:0,(anonymous_7)
FNDA:0,(anonymous_8)
FNDA:0,(anonymous_9)
FNDA:0,(anonymous_10)
FNDA:0,(anonymous_11)
FNDA:0,(anonymous_12)
FNDA:0,(anonymous_13)
FNDA:0,(anonymous_14)
FNDA:2,(anonymous_15)
FNDA:0,(anonymous_16)
FNDA:0,(anonymous_17)
FNDA:0,(anonymous_18)
FNDA:0,(anonymous_19)
DA:11,1
DA:13,1
DA:19,1
DA:23,1
DA:25,1
DA:26,0
DA:31,1
DA:32,0
DA:43,0
DA:44,0
DA:47,1
DA:62,0
DA:65,0
DA:66,0
DA:69,0
DA:70,0
DA:71,0
DA:74,0
DA:76,0
DA:77,0
DA:81,0
DA:87,0
DA:88,0
DA:89,0
DA:90,0
DA:92,0
DA:94,0
DA:108,0
DA:109,0
DA:110,0
DA:112,0
DA:114,0
DA:136,2
DA:138,2
DA:139,0
DA:144,2
DA:145,0
DA:156,0
DA:157,0
DA:160,2
DA:161,0
DA:162,0
DA:169,0
DA:172,0
DA:175,0
DA:186,0
DA:194,0
DA:200,0
DA:203,0
DA:206,0
DA:217,2
DA:227,1
DA:245,1
DA:251,0
DA:257,0
DA:258,0
DA:259,0
LF:57
LH:14
BRDA:25,0,0,0
BRDA:25,0,1,1
BRDA:69,1,0,0
BRDA:69,1,1,0
BRDA:69,2,0,0
BRDA:69,2,1,0
BRDA:74,3,0,0
BRDA:74,3,1,0
BRDA:74,4,0,0
BRDA:74,4,1,0
BRDA:87,5,0,0
BRDA:87,5,1,0
BRDA:138,6,0,0
BRDA:138,6,1,2
BRDA:161,7,0,0
BRDA:161,7,1,0
BRF:16
BRH:2
end_of_record
TN:
SF:/Users/g6vc/WebstormProjects/nanoleaf-layout/src/utils.js
FN:11,getCentroidHeight
FN:23,cartesianToScreen
FN:35,doRotate
FN:47,getTopFromCentroid
FN:64,getLeftFromCentroid
FN:81,getRightFromCentroid
FN:98,rotateLeftFromCentroid
FN:115,rotateRightFromCentroid
FN:132,rotateTopFromCentroid
FNF:9
FNH:8
FNDA:0,getCentroidHeight
FNDA:14,cartesianToScreen
FNDA:2,doRotate
FNDA:2,getTopFromCentroid
FNDA:2,getLeftFromCentroid
FNDA:2,getRightFromCentroid
FNDA:2,rotateLeftFromCentroid
FNDA:2,rotateRightFromCentroid
FNDA:2,rotateTopFromCentroid
DA:5,2
DA:12,0
DA:24,14
DA:25,14
DA:27,14
DA:36,2
DA:48,2
DA:50,2
DA:65,2
DA:67,2
DA:82,2
DA:84,2
DA:99,2
DA:101,2
DA:116,2
DA:118,2
DA:133,2
DA:135,2
LF:18
LH:17
BRF:0
BRH:0
end_of_record
